<?xml version="1.0" encoding="UTF-8"?>
<testng-results skipped="0" failed="0" total="1" passed="1">
  <reporter-output>
  </reporter-output>
  <suite name="Default suite" duration-ms="22257" started-at="2016-10-04T03:19:50Z" finished-at="2016-10-04T03:20:13Z">
    <groups>
    </groups>
    <test name="Default test" duration-ms="22257" started-at="2016-10-04T03:19:50Z" finished-at="2016-10-04T03:20:13Z">
      <class name="br.com.pageObjectsSelenium.test.TestNGPageObjectsSelenium">
        <test-method status="PASS" signature="setup()[pri:0, instance:br.com.pageObjectsSelenium.test.TestNGPageObjectsSelenium@53b32d7]" name="setup" is-config="true" duration-ms="11849" started-at="2016-10-04T00:19:50Z" finished-at="2016-10-04T00:20:02Z">
          <reporter-output>
          </reporter-output>
        </test-method> <!-- setup -->
        <test-method status="PASS" signature="test()[pri:0, instance:br.com.pageObjectsSelenium.test.TestNGPageObjectsSelenium@53b32d7]" name="test" duration-ms="9088" started-at="2016-10-04T00:20:02Z" finished-at="2016-10-04T00:20:11Z">
          <reporter-output>
          </reporter-output>
        </test-method> <!-- test -->
        <test-method status="PASS" signature="finalizar()[pri:0, instance:br.com.pageObjectsSelenium.test.TestNGPageObjectsSelenium@53b32d7]" name="finalizar" is-config="true" duration-ms="1285" started-at="2016-10-04T00:20:11Z" finished-at="2016-10-04T00:20:13Z">
          <reporter-output>
          </reporter-output>
        </test-method> <!-- finalizar -->
      </class> <!-- br.com.pageObjectsSelenium.test.TestNGPageObjectsSelenium -->
    </test> <!-- Default test -->
  </suite> <!-- Default suite -->
</testng-results>
